<?xml version="1.0" encoding="UTF-8"?>
<testng-results skipped="0" failed="0" ignored="0" total="1" passed="1">
  <reporter-output>
    <line>
      <![CDATA[create customer]]>
    </line>
  </reporter-output>
  <suite name="Default suite" duration-ms="99" started-at="2020-07-08T11:58:08 IST" finished-at="2020-07-08T11:58:08 IST">
    <groups>
    </groups>
    <test name="Default test" duration-ms="99" started-at="2020-07-08T11:58:08 IST" finished-at="2020-07-08T11:58:08 IST">
      <class name="com.actitime.test.CreateCustomer">
        <test-method status="PASS" signature="testCreateCustomer()[pri:0, instance:com.actitime.test.CreateCustomer@22a67b4]" name="testCreateCustomer" duration-ms="21" started-at="2020-07-08T11:58:08 IST" finished-at="2020-07-08T11:58:08 IST">
          <reporter-output>
            <line>
              <![CDATA[create customer]]>
            </line>
          </reporter-output>
        </test-method> <!-- testCreateCustomer -->
      </class> <!-- com.actitime.test.CreateCustomer -->
    </test> <!-- Default test -->
  </suite> <!-- Default suite -->
</testng-results>
